Now listening on: http://localhost:8090
Application started. Press CMD+C to shut down.
[INFO] 2019/07/25 20:52 200 612.801µs ::1 GET /websocket Mozilla/5.0 (Macintosh; Intel Mac OS X 10_14_5) AppleWebKit/537.36 (KHTML, like Gecko) Chrome/75.0.3770.142 Safari/537.36
[INFO] 2019/07/25 20:52 200 59.749µs ::1 GET /iris-ws.js Mozilla/5.0 (Macintosh; Intel Mac OS X 10_14_5) AppleWebKit/537.36 (KHTML, like Gecko) Chrome/75.0.3770.142 Safari/537.36
[INFO] 2019/07/25 20:52 200 151.007µs ::1 GET /ping Mozilla/5.0 (Macintosh; Intel Mac OS X 10_14_5) AppleWebKit/537.36 (KHTML, like Gecko) Chrome/75.0.3770.142 Safari/537.36
[INFO] 2019/07/25 20:52 200 4.199650519s ::1 GET /echo Mozilla/5.0 (Macintosh; Intel Mac OS X 10_14_5) AppleWebKit/537.36 (KHTML, like Gecko) Chrome/75.0.3770.142 Safari/537.36
[ERRO] 2019/07/25 20:53 http: Server closed
Now listening on: http://localhost:8090
Application started. Press CMD+C to shut down.
[INFO] 2019/07/25 20:55 200 218.961µs ::1 GET /ping Mozilla/5.0 (Macintosh; Intel Mac OS X 10_14_5) AppleWebKit/537.36 (KHTML, like Gecko) Chrome/75.0.3770.142 Safari/537.36
[INFO] 2019/07/25 20:55 200 47.13µs ::1 GET /ping Mozilla/5.0 (Macintosh; Intel Mac OS X 10_14_5) AppleWebKit/537.36 (KHTML, like Gecko) Chrome/75.0.3770.142 Safari/537.36
[INFO] 2019/07/25 20:55 200 87.437µs ::1 GET /ping Mozilla/5.0 (Macintosh; Intel Mac OS X 10_14_5) AppleWebKit/537.36 (KHTML, like Gecko) Chrome/75.0.3770.142 Safari/537.36
[INFO] 2019/07/25 20:55 200 123.14µs ::1 GET /ping Mozilla/5.0 (Macintosh; Intel Mac OS X 10_14_5) AppleWebKit/537.36 (KHTML, like Gecko) Chrome/75.0.3770.142 Safari/537.36
[INFO] 2019/07/25 20:55 200 48.912µs ::1 GET /ping Mozilla/5.0 (Macintosh; Intel Mac OS X 10_14_5) AppleWebKit/537.36 (KHTML, like Gecko) Chrome/75.0.3770.142 Safari/537.36
[ERRO] 2019/07/25 20:55 http: Server closed
Now listening on: http://localhost:8090
Application started. Press CMD+C to shut down.
[INFO] 2019/07/25 20:59 200 236.329µs ::1 GET /ping Mozilla/5.0 (Macintosh; Intel Mac OS X 10_14_5) AppleWebKit/537.36 (KHTML, like Gecko) Chrome/75.0.3770.142 Safari/537.36
[INFO] 2019/07/25 20:59 200 52.466µs ::1 GET /ping Mozilla/5.0 (Macintosh; Intel Mac OS X 10_14_5) AppleWebKit/537.36 (KHTML, like Gecko) Chrome/75.0.3770.142 Safari/537.36
[INFO] 2019/07/25 20:59 200 38.477µs ::1 GET /ping Mozilla/5.0 (Macintosh; Intel Mac OS X 10_14_5) AppleWebKit/537.36 (KHTML, like Gecko) Chrome/75.0.3770.142 Safari/537.36
[INFO] 2019/07/25 21:00 200 328.963µs ::1 GET /views Mozilla/5.0 (Macintosh; Intel Mac OS X 10_14_5) AppleWebKit/537.36 (KHTML, like Gecko) Chrome/75.0.3770.142 Safari/537.36
[ERRO] 2019/07/25 21:03 http: Server closed
Now listening on: http://localhost:8090
Application started. Press CMD+C to shut down.
[INFO] 2019/07/25 21:13 200 526.005µs ::1 GET /views Mozilla/5.0 (Macintosh; Intel Mac OS X 10_14_5) AppleWebKit/537.36 (KHTML, like Gecko) Chrome/75.0.3770.142 Safari/537.36
[INFO] 2019/07/25 21:13 200 58.179µs ::1 GET /views Mozilla/5.0 (Macintosh; Intel Mac OS X 10_14_5) AppleWebKit/537.36 (KHTML, like Gecko) Chrome/75.0.3770.142 Safari/537.36
[INFO] 2019/07/25 21:13 200 55.954µs ::1 GET /views Mozilla/5.0 (Macintosh; Intel Mac OS X 10_14_5) AppleWebKit/537.36 (KHTML, like Gecko) Chrome/75.0.3770.142 Safari/537.36
[INFO] 2019/07/25 21:13 200 73.032µs ::1 GET /views Mozilla/5.0 (Macintosh; Intel Mac OS X 10_14_5) AppleWebKit/537.36 (KHTML, like Gecko) Chrome/75.0.3770.142 Safari/537.36
[INFO] 2019/07/25 21:13 200 53.379µs ::1 GET /views Mozilla/5.0 (Macintosh; Intel Mac OS X 10_14_5) AppleWebKit/537.36 (KHTML, like Gecko) Chrome/75.0.3770.142 Safari/537.36
[INFO] 2019/07/25 21:13 200 49.988µs ::1 GET /views Mozilla/5.0 (Macintosh; Intel Mac OS X 10_14_5) AppleWebKit/537.36 (KHTML, like Gecko) Chrome/75.0.3770.142 Safari/537.36
[INFO] 2019/07/25 21:13 200 51.616µs ::1 GET /views Mozilla/5.0 (Macintosh; Intel Mac OS X 10_14_5) AppleWebKit/537.36 (KHTML, like Gecko) Chrome/75.0.3770.142 Safari/537.36
[INFO] 2019/07/25 21:13 200 75.943µs ::1 GET /views Mozilla/5.0 (Macintosh; Intel Mac OS X 10_14_5) AppleWebKit/537.36 (KHTML, like Gecko) Chrome/75.0.3770.142 Safari/537.36
[ERRO] 2019/07/25 21:13 http: Server closed
